{
  "RSpec": {
    "coverage": {
      "/Users/Abby/Documents/pairing/spec/pair_spec.rb": [
        1,
        null,
        1,
        1,
        1,
        1,
        1,
        1,
        null,
        1,
        1,
        1,
        null,
        1,
        1,
        null,
        null,
        null,
        1,
        1,
        1,
        1,
        1,
        1,
        null,
        1,
        1,
        null,
        null,
        null,
        1,
        1,
        1,
        1,
        1,
        1,
        1,
        1,
        null,
        1,
        1,
        null,
        null,
        null,
        1,
        1,
        1,
        1,
        1,
        1,
        1,
        1,
        null,
        1,
        1,
        null,
        null,
        null,
        null,
        1,
        8,
        null,
        null,
        null,
        null,
        null,
        null,
        null,
        null,
        null,
        null,
        null,
        null,
        null,
        1,
        3,
        null,
        null,
        null,
        null,
        null,
        null,
        null,
        null,
        null,
        null
      ],
      "/Users/Abby/Documents/pairing/student_teacher.rb": [
        1,
        null,
        null,
        null,
        null,
        1,
        null,
        null,
        null,
        null,
        null,
        null,
        null,
        null,
        null,
        null,
        null,
        null,
        null,
        null,
        null,
        null,
        null,
        1,
        1,
        null,
        null,
        1,
        23,
        null,
        null,
        null,
        1,
        2,
        4,
        null,
        null,
        null,
        null,
        1,
        4,
        4,
        null,
        null,
        1,
        null,
        1,
        5,
        5,
        null,
        null,
        null,
        1,
        1,
        null,
        null,
        1,
        44,
        null,
        null,
        null,
        1,
        13,
        39,
        null,
        null,
        null,
        1,
        null,
        1,
        17,
        17,
        null,
        null,
        null,
        1,
        1,
        null,
        null,
        1,
        42,
        42,
        42,
        42,
        null,
        null,
        null,
        1,
        42,
        35,
        35,
        null,
        7,
        null,
        null,
        null,
        null,
        1,
        12,
        36,
        null,
        null,
        null,
        1,
        null,
        null,
        null,
        null,
        1,
        35,
        175,
        350,
        null,
        null,
        null,
        null,
        null,
        null,
        1,
        35,
        null,
        null,
        null,
        1,
        1,
        null,
        null,
        1,
        12,
        12,
        12,
        12,
        null,
        null,
        null,
        null,
        1,
        12,
        null,
        12,
        36,
        null,
        null,
        null,
        null,
        1,
        48,
        null,
        null,
        null,
        null,
        null,
        1,
        12,
        12,
        36,
        null,
        null,
        null,
        null,
        null,
        1,
        null,
        null,
        null,
        null,
        null,
        null
      ],
      "/Users/Abby/Documents/pairing/spec/pairbyorder_spec.rb": [
        1,
        null,
        1,
        1,
        1,
        1,
        1,
        null,
        1,
        1,
        1,
        null,
        1,
        1,
        null,
        1,
        1,
        null,
        1,
        1,
        1,
        null,
        null,
        1,
        1,
        1,
        1,
        1,
        1,
        1,
        null,
        1,
        1,
        1,
        1,
        1,
        1,
        null,
        1,
        1,
        1,
        1,
        1,
        null,
        1,
        null,
        1,
        1,
        1,
        null,
        null,
        null,
        1,
        1,
        1,
        1,
        1,
        null,
        1,
        null,
        1,
        1,
        1,
        1,
        null,
        1,
        null,
        1,
        1,
        1,
        1,
        1,
        null,
        1,
        null,
        null,
        null,
        1,
        8,
        null,
        null,
        null,
        null,
        null,
        null,
        null,
        null,
        null,
        null,
        null,
        null,
        null
      ],
      "/Users/Abby/Documents/pairing/spec/student_spec.rb": [
        1,
        null,
        1,
        1,
        1,
        1,
        null,
        1,
        1,
        1,
        1,
        1,
        null,
        null,
        null,
        1,
        1,
        1,
        1,
        null,
        1,
        1,
        null,
        null,
        null,
        null,
        1,
        1,
        1,
        1,
        1,
        null,
        null,
        null,
        1,
        1,
        1,
        null,
        1,
        2,
        null,
        null,
        1,
        null,
        null,
        null,
        1,
        2,
        null,
        null,
        null,
        null,
        null,
        null,
        null,
        null,
        null,
        null,
        null,
        null,
        null,
        1,
        1,
        null,
        null,
        null,
        null,
        null,
        null,
        null,
        null,
        null,
        null,
        null,
        null,
        null
      ],
      "/Users/Abby/Documents/pairing/spec/teacher_spec.rb": [
        1,
        null,
        1,
        1,
        1,
        1,
        null,
        1,
        1,
        1,
        1,
        1,
        null,
        null,
        null,
        1,
        1,
        1,
        1,
        1,
        1,
        null,
        null,
        null,
        1,
        1,
        1,
        1,
        4,
        null,
        null,
        1,
        null,
        null,
        null,
        1,
        2,
        null,
        null,
        null,
        null,
        null,
        null,
        null,
        null,
        null,
        null
      ]
    },
    "timestamp": 1445367668
  }
}
